# JRE version: OpenJDK Runtime Environment (Zulu 8.40.0.25-CA-linux64) (8.0_222-b10) (build 1.8.0_222-b10)
# Java VM: OpenJDK 64-Bit Server VM (25.222-b10 mixed mode linux-amd64 compressed oops)
Heap:
 PSYoungGen      total 147456K, used 25061K [0x00000000d6e00000, 0x00000000e1b00000, 0x0000000100000000)
  eden space 122368K, 0% used [0x00000000d6e00000,0x00000000d6e00000,0x00000000de580000)
  from space 25088K, 99% used [0x00000000de580000,0x00000000dfdf9498,0x00000000dfe00000)
  to   space 20480K, 0% used [0x00000000dfe00000,0x00000000dfe00000,0x00000000e1200000)
 ParOldGen       total 84992K, used 34243K [0x0000000084a00000, 0x0000000089d00000, 0x00000000d6e00000)
  object space 84992K, 40% used [0x0000000084a00000,0x0000000086b70f70,0x0000000089d00000)
 Metaspace       used 19433K, capacity 19566K, committed 19840K, reserved 1067008K
  class space    used 2617K, capacity 2663K, committed 2688K, reserved 1048576K
GC Heap History (10 events):
Event: 0,722 GC heap after
Heap after GC invocations=2 (full 0):
 PSYoungGen      total 36864K, used 5108K [0x00000000d6e00000, 0x00000000db600000, 0x0000000100000000)
  eden space 31744K, 0% used [0x00000000d6e00000,0x00000000d6e00000,0x00000000d8d00000)
  from space 5120K, 99% used [0x00000000d9200000,0x00000000d96fd108,0x00000000d9700000)
  to   space 5120K, 0% used [0x00000000d8d00000,0x00000000d8d00000,0x00000000d9200000)
 ParOldGen       total 84992K, used 615K [0x0000000084a00000, 0x0000000089d00000, 0x00000000d6e00000)
  object space 84992K, 0% used [0x0000000084a00000,0x0000000084a99da0,0x0000000089d00000)
 Metaspace       used 6953K, capacity 7068K, committed 7296K, reserved 1056768K
  class space    used 774K, capacity 820K, committed 896K, reserved 1048576K
}
Event: 0,985 GC heap before
{Heap before GC invocations=3 (full 0):
 PSYoungGen      total 36864K, used 36852K [0x00000000d6e00000, 0x00000000db600000, 0x0000000100000000)
  eden space 31744K, 100% used [0x00000000d6e00000,0x00000000d8d00000,0x00000000d8d00000)
  from space 5120K, 99% used [0x00000000d9200000,0x00000000d96fd108,0x00000000d9700000)
  to   space 5120K, 0% used [0x00000000d8d00000,0x00000000d8d00000,0x00000000d9200000)
 ParOldGen       total 84992K, used 615K [0x0000000084a00000, 0x0000000089d00000, 0x00000000d6e00000)
  object space 84992K, 0% used [0x0000000084a00000,0x0000000084a99da0,0x0000000089d00000)
 Metaspace       used 8832K, capacity 8980K, committed 9088K, reserved 1056768K
  class space    used 1022K, capacity 1048K, committed 1152K, reserved 1048576K
Event: 0,996 GC heap after
Heap after GC invocations=3 (full 0):
 PSYoungGen      total 36864K, used 5092K [0x00000000d6e00000, 0x00000000db600000, 0x0000000100000000)
  eden space 31744K, 0% used [0x00000000d6e00000,0x00000000d6e00000,0x00000000d8d00000)
  from space 5120K, 99% used [0x00000000d8d00000,0x00000000d91f9110,0x00000000d9200000)
  to   space 5120K, 0% used [0x00000000db100000,0x00000000db100000,0x00000000db600000)
 ParOldGen       total 84992K, used 4295K [0x0000000084a00000, 0x0000000089d00000, 0x00000000d6e00000)
  object space 84992K, 5% used [0x0000000084a00000,0x0000000084e31db0,0x0000000089d00000)
 Metaspace       used 8832K, capacity 8980K, committed 9088K, reserved 1056768K
  class space    used 1022K, capacity 1048K, committed 1152K, reserved 1048576K
}
Event: 1,329 GC heap before
{Heap before GC invocations=4 (full 0):
 PSYoungGen      total 36864K, used 36836K [0x00000000d6e00000, 0x00000000db600000, 0x0000000100000000)
  eden space 31744K, 100% used [0x00000000d6e00000,0x00000000d8d00000,0x00000000d8d00000)
  from space 5120K, 99% used [0x00000000d8d00000,0x00000000d91f9110,0x00000000d9200000)
  to   space 5120K, 0% used [0x00000000db100000,0x00000000db100000,0x00000000db600000)
 ParOldGen       total 84992K, used 4295K [0x0000000084a00000, 0x0000000089d00000, 0x00000000d6e00000)
  object space 84992K, 5% used [0x0000000084a00000,0x0000000084e31db0,0x0000000089d00000)
 Metaspace       used 12887K, capacity 13018K, committed 13312K, reserved 1060864K
  class space    used 1642K, capacity 1689K, committed 1792K, reserved 1048576K
Event: 1,364 GC heap after
Heap after GC invocations=4 (full 0):
 PSYoungGen      total 68608K, used 5104K [0x00000000d6e00000, 0x00000000db600000, 0x0000000100000000)
  eden space 63488K, 0% used [0x00000000d6e00000,0x00000000d6e00000,0x00000000dac00000)
  from space 5120K, 99% used [0x00000000db100000,0x00000000db5fc030,0x00000000db600000)
  to   space 5120K, 0% used [0x00000000dac00000,0x00000000dac00000,0x00000000db100000)
 ParOldGen       total 84992K, used 10816K [0x0000000084a00000, 0x0000000089d00000, 0x00000000d6e00000)
  object space 84992K, 12% used [0x0000000084a00000,0x0000000085490068,0x0000000089d00000)
 Metaspace       used 12887K, capacity 13018K, committed 13312K, reserved 1060864K
  class space    used 1642K, capacity 1689K, committed 1792K, reserved 1048576K
}
Event: 1,962 GC heap before
{Heap before GC invocations=5 (full 0):
 PSYoungGen      total 68608K, used 68592K [0x00000000d6e00000, 0x00000000db600000, 0x0000000100000000)
  eden space 63488K, 100% used [0x00000000d6e00000,0x00000000dac00000,0x00000000dac00000)
  from space 5120K, 99% used [0x00000000db100000,0x00000000db5fc030,0x00000000db600000)
  to   space 5120K, 0% used [0x00000000dac00000,0x00000000dac00000,0x00000000db100000)
 ParOldGen       total 84992K, used 10816K [0x0000000084a00000, 0x0000000089d00000, 0x00000000d6e00000)
  object space 84992K, 12% used [0x0000000084a00000,0x0000000085490068,0x0000000089d00000)
 Metaspace       used 17098K, capacity 17278K, committed 17408K, reserved 1064960K
  class space    used 2224K, capacity 2271K, committed 2304K, reserved 1048576K
Event: 1,983 GC heap after
Heap after GC invocations=5 (full 0):
 PSYoungGen      total 68608K, used 5111K [0x00000000d6e00000, 0x00000000e1200000, 0x0000000100000000)
  eden space 63488K, 0% used [0x00000000d6e00000,0x00000000d6e00000,0x00000000dac00000)
  from space 5120K, 99% used [0x00000000dac00000,0x00000000db0fdd98,0x00000000db100000)
  to   space 20480K, 0% used [0x00000000dfe00000,0x00000000dfe00000,0x00000000e1200000)
 ParOldGen       total 84992K, used 24892K [0x0000000084a00000, 0x0000000089d00000, 0x00000000d6e00000)
  object space 84992K, 29% used [0x0000000084a00000,0x000000008624f1d8,0x0000000089d00000)
 Metaspace       used 17098K, capacity 17278K, committed 17408K, reserved 1064960K
  class space    used 2224K, capacity 2271K, committed 2304K, reserved 1048576K
}
Event: 2,203 GC heap before
{Heap before GC invocations=6 (full 0):
 PSYoungGen      total 68608K, used 68599K [0x00000000d6e00000, 0x00000000e1200000, 0x0000000100000000)
  eden space 63488K, 100% used [0x00000000d6e00000,0x00000000dac00000,0x00000000dac00000)
  from space 5120K, 99% used [0x00000000dac00000,0x00000000db0fdd98,0x00000000db100000)
  to   space 20480K, 0% used [0x00000000dfe00000,0x00000000dfe00000,0x00000000e1200000)
 ParOldGen       total 84992K, used 24892K [0x0000000084a00000, 0x0000000089d00000, 0x00000000d6e00000)
  object space 84992K, 29% used [0x0000000084a00000,0x000000008624f1d8,0x0000000089d00000)
 Metaspace       used 17156K, capacity 17342K, committed 17664K, reserved 1064960K
  class space    used 2224K, capacity 2271K, committed 2304K, reserved 1048576K
Event: 2,234 GC heap after
Heap after GC invocations=6 (full 0):
 PSYoungGen      total 142848K, used 20479K [0x00000000d6e00000, 0x00000000e1b00000, 0x0000000100000000)
  eden space 122368K, 0% used [0x00000000d6e00000,0x00000000d6e00000,0x00000000de580000)
  from space 20480K, 99% used [0x00000000dfe00000,0x00000000e11ffe88,0x00000000e1200000)
  to   space 25088K, 0% used [0x00000000de580000,0x00000000de580000,0x00000000dfe00000)
 ParOldGen       total 84992K, used 25047K [0x0000000084a00000, 0x0000000089d00000, 0x00000000d6e00000)
  object space 84992K, 29% used [0x0000000084a00000,0x0000000086275f28,0x0000000089d00000)
 Metaspace       used 17156K, capacity 17342K, committed 17664K, reserved 1064960K
  class space    used 2224K, capacity 2271K, committed 2304K, reserved 1048576K
}
Event: 3,075 GC heap before
{Heap before GC invocations=7 (full 0):
 PSYoungGen      total 142848K, used 142847K [0x00000000d6e00000, 0x00000000e1b00000, 0x0000000100000000)
  eden space 122368K, 100% used [0x00000000d6e00000,0x00000000de580000,0x00000000de580000)
  from space 20480K, 99% used [0x00000000dfe00000,0x00000000e11ffe88,0x00000000e1200000)
  to   space 25088K, 0% used [0x00000000de580000,0x00000000de580000,0x00000000dfe00000)
 ParOldGen       total 84992K, used 25047K [0x0000000084a00000, 0x0000000089d00000, 0x00000000d6e00000)
  object space 84992K, 29% used [0x0000000084a00000,0x0000000086275f28,0x0000000089d00000)
 Metaspace       used 19433K, capacity 19566K, committed 19840K, reserved 1067008K
  class space    used 2617K, capacity 2663K, committed 2688K, reserved 1048576K

