# JRE version: OpenJDK Runtime Environment (Zulu 8.40.0.25-CA-linux64) (8.0_222-b10) (build 1.8.0_222-b10)
# Java VM: OpenJDK 64-Bit Server VM (25.222-b10 mixed mode linux-amd64 compressed oops)
Heap:
 PSYoungGen      total 146944K, used 22524K [0x00000000d6e00000, 0x00000000e1600000, 0x0000000100000000)
  eden space 124416K, 0% used [0x00000000d6e00000,0x00000000d6e00000,0x00000000de780000)
  from space 22528K, 99% used [0x00000000de780000,0x00000000dfd7f290,0x00000000dfd80000)
  to   space 19968K, 0% used [0x00000000dfd80000,0x00000000dfd80000,0x00000000e1100000)
 ParOldGen       total 84992K, used 38795K [0x0000000084a00000, 0x0000000089d00000, 0x00000000d6e00000)
  object space 84992K, 45% used [0x0000000084a00000,0x0000000086fe2fd8,0x0000000089d00000)
 Metaspace       used 18191K, capacity 18312K, committed 18688K, reserved 1064960K
  class space    used 2451K, capacity 2502K, committed 2560K, reserved 1048576K
GC Heap History (10 events):
Event: 1,450 GC heap after
Heap after GC invocations=2 (full 0):
 PSYoungGen      total 36864K, used 5092K [0x00000000d6e00000, 0x00000000db600000, 0x0000000100000000)
  eden space 31744K, 0% used [0x00000000d6e00000,0x00000000d6e00000,0x00000000d8d00000)
  from space 5120K, 99% used [0x00000000d9200000,0x00000000d96f90d0,0x00000000d9700000)
  to   space 5120K, 0% used [0x00000000d8d00000,0x00000000d8d00000,0x00000000d9200000)
 ParOldGen       total 84992K, used 2531K [0x0000000084a00000, 0x0000000089d00000, 0x00000000d6e00000)
  object space 84992K, 2% used [0x0000000084a00000,0x0000000084c78df0,0x0000000089d00000)
 Metaspace       used 7082K, capacity 7228K, committed 7296K, reserved 1056768K
  class space    used 816K, capacity 852K, committed 896K, reserved 1048576K
}
Event: 2,051 GC heap before
{Heap before GC invocations=3 (full 0):
 PSYoungGen      total 36864K, used 36836K [0x00000000d6e00000, 0x00000000db600000, 0x0000000100000000)
  eden space 31744K, 100% used [0x00000000d6e00000,0x00000000d8d00000,0x00000000d8d00000)
  from space 5120K, 99% used [0x00000000d9200000,0x00000000d96f90d0,0x00000000d9700000)
  to   space 5120K, 0% used [0x00000000d8d00000,0x00000000d8d00000,0x00000000d9200000)
 ParOldGen       total 84992K, used 2531K [0x0000000084a00000, 0x0000000089d00000, 0x00000000d6e00000)
  object space 84992K, 2% used [0x0000000084a00000,0x0000000084c78df0,0x0000000089d00000)
 Metaspace       used 10661K, capacity 10760K, committed 10880K, reserved 1058816K
  class space    used 1335K, capacity 1366K, committed 1408K, reserved 1048576K
Event: 2,059 GC heap after
Heap after GC invocations=3 (full 0):
 PSYoungGen      total 36864K, used 5092K [0x00000000d6e00000, 0x00000000db600000, 0x0000000100000000)
  eden space 31744K, 0% used [0x00000000d6e00000,0x00000000d6e00000,0x00000000d8d00000)
  from space 5120K, 99% used [0x00000000d8d00000,0x00000000d91f9100,0x00000000d9200000)
  to   space 5120K, 0% used [0x00000000db100000,0x00000000db100000,0x00000000db600000)
 ParOldGen       total 84992K, used 8874K [0x0000000084a00000, 0x0000000089d00000, 0x00000000d6e00000)
  object space 84992K, 10% used [0x0000000084a00000,0x00000000852aaac8,0x0000000089d00000)
 Metaspace       used 10661K, capacity 10760K, committed 10880K, reserved 1058816K
  class space    used 1335K, capacity 1366K, committed 1408K, reserved 1048576K
}
Event: 2,813 GC heap before
{Heap before GC invocations=4 (full 0):
 PSYoungGen      total 36864K, used 36836K [0x00000000d6e00000, 0x00000000db600000, 0x0000000100000000)
  eden space 31744K, 100% used [0x00000000d6e00000,0x00000000d8d00000,0x00000000d8d00000)
  from space 5120K, 99% used [0x00000000d8d00000,0x00000000d91f9100,0x00000000d9200000)
  to   space 5120K, 0% used [0x00000000db100000,0x00000000db100000,0x00000000db600000)
 ParOldGen       total 84992K, used 8874K [0x0000000084a00000, 0x0000000089d00000, 0x00000000d6e00000)
  object space 84992K, 10% used [0x0000000084a00000,0x00000000852aaac8,0x0000000089d00000)
 Metaspace       used 15494K, capacity 15590K, committed 16000K, reserved 1062912K
  class space    used 2043K, capacity 2075K, committed 2176K, reserved 1048576K
Event: 2,842 GC heap after
Heap after GC invocations=4 (full 0):
 PSYoungGen      total 68608K, used 5118K [0x00000000d6e00000, 0x00000000db600000, 0x0000000100000000)
  eden space 63488K, 0% used [0x00000000d6e00000,0x00000000d6e00000,0x00000000dac00000)
  from space 5120K, 99% used [0x00000000db100000,0x00000000db5ff878,0x00000000db600000)
  to   space 5120K, 0% used [0x00000000dac00000,0x00000000dac00000,0x00000000db100000)
 ParOldGen       total 84992K, used 15524K [0x0000000084a00000, 0x0000000089d00000, 0x00000000d6e00000)
  object space 84992K, 18% used [0x0000000084a00000,0x0000000085929368,0x0000000089d00000)
 Metaspace       used 15494K, capacity 15590K, committed 16000K, reserved 1062912K
  class space    used 2043K, capacity 2075K, committed 2176K, reserved 1048576K
}
Event: 3,345 GC heap before
{Heap before GC invocations=5 (full 0):
 PSYoungGen      total 68608K, used 68606K [0x00000000d6e00000, 0x00000000db600000, 0x0000000100000000)
  eden space 63488K, 100% used [0x00000000d6e00000,0x00000000dac00000,0x00000000dac00000)
  from space 5120K, 99% used [0x00000000db100000,0x00000000db5ff878,0x00000000db600000)
  to   space 5120K, 0% used [0x00000000dac00000,0x00000000dac00000,0x00000000db100000)
 ParOldGen       total 84992K, used 15524K [0x0000000084a00000, 0x0000000089d00000, 0x00000000d6e00000)
  object space 84992K, 18% used [0x0000000084a00000,0x0000000085929368,0x0000000089d00000)
 Metaspace       used 15723K, capacity 15794K, committed 16256K, reserved 1062912K
  class space    used 2048K, capacity 2077K, committed 2176K, reserved 1048576K
Event: 3,405 GC heap after
Heap after GC invocations=5 (full 0):
 PSYoungGen      total 68608K, used 5113K [0x00000000d6e00000, 0x00000000e1100000, 0x0000000100000000)
  eden space 63488K, 0% used [0x00000000d6e00000,0x00000000d6e00000,0x00000000dac00000)
  from space 5120K, 99% used [0x00000000dac00000,0x00000000db0fe638,0x00000000db100000)
  to   space 19968K, 0% used [0x00000000dfd80000,0x00000000dfd80000,0x00000000e1100000)
 ParOldGen       total 84992K, used 28315K [0x0000000084a00000, 0x0000000089d00000, 0x00000000d6e00000)
  object space 84992K, 33% used [0x0000000084a00000,0x00000000865a6d38,0x0000000089d00000)
 Metaspace       used 15723K, capacity 15794K, committed 16256K, reserved 1062912K
  class space    used 2048K, capacity 2077K, committed 2176K, reserved 1048576K
}
Event: 4,760 GC heap before
{Heap before GC invocations=6 (full 0):
 PSYoungGen      total 68608K, used 68601K [0x00000000d6e00000, 0x00000000e1100000, 0x0000000100000000)
  eden space 63488K, 100% used [0x00000000d6e00000,0x00000000dac00000,0x00000000dac00000)
  from space 5120K, 99% used [0x00000000dac00000,0x00000000db0fe638,0x00000000db100000)
  to   space 19968K, 0% used [0x00000000dfd80000,0x00000000dfd80000,0x00000000e1100000)
 ParOldGen       total 84992K, used 28315K [0x0000000084a00000, 0x0000000089d00000, 0x00000000d6e00000)
  object space 84992K, 33% used [0x0000000084a00000,0x00000000865a6d38,0x0000000089d00000)
 Metaspace       used 16443K, capacity 16542K, committed 16768K, reserved 1064960K
  class space    used 2135K, capacity 2175K, committed 2176K, reserved 1048576K
Event: 4,847 GC heap after
Heap after GC invocations=6 (full 0):
 PSYoungGen      total 144384K, used 17702K [0x00000000d6e00000, 0x00000000e1600000, 0x0000000100000000)
  eden space 124416K, 0% used [0x00000000d6e00000,0x00000000d6e00000,0x00000000de780000)
  from space 19968K, 88% used [0x00000000dfd80000,0x00000000e0ec98a0,0x00000000e1100000)
  to   space 22528K, 0% used [0x00000000de780000,0x00000000de780000,0x00000000dfd80000)
 ParOldGen       total 84992K, used 28315K [0x0000000084a00000, 0x0000000089d00000, 0x00000000d6e00000)
  object space 84992K, 33% used [0x0000000084a00000,0x00000000865a6d38,0x0000000089d00000)
 Metaspace       used 16443K, capacity 16542K, committed 16768K, reserved 1064960K
  class space    used 2135K, capacity 2175K, committed 2176K, reserved 1048576K
}
Event: 150,409 GC heap before
{Heap before GC invocations=7 (full 0):
 PSYoungGen      total 144384K, used 142118K [0x00000000d6e00000, 0x00000000e1600000, 0x0000000100000000)
  eden space 124416K, 100% used [0x00000000d6e00000,0x00000000de780000,0x00000000de780000)
  from space 19968K, 88% used [0x00000000dfd80000,0x00000000e0ec98a0,0x00000000e1100000)
  to   space 22528K, 0% used [0x00000000de780000,0x00000000de780000,0x00000000dfd80000)
 ParOldGen       total 84992K, used 28315K [0x0000000084a00000, 0x0000000089d00000, 0x00000000d6e00000)
  object space 84992K, 33% used [0x0000000084a00000,0x00000000865a6d38,0x0000000089d00000)
 Metaspace       used 18191K, capacity 18312K, committed 18688K, reserved 1064960K
  class space    used 2451K, capacity 2502K, committed 2560K, reserved 1048576K

